    0.932749     0.360526    -0.360526     0.932749 
   -0.664357     0.747416     0.747416     0.664357 
    0.718578     0.695446    -0.695446     0.718578 
    0.541663     0.840596     0.840596    -0.541663 
    0.534192     0.845363     0.845363    -0.534192 
     0.97287    -0.231353     0.231353      0.97287 
   -0.471543     0.881843     0.881843     0.471543 
   -0.239802     0.970822     0.970822     0.239802 
    0.989521    -0.144392     0.144392     0.989521 
     0.30734       0.9516       0.9516     -0.30734 
   0.0956564     0.995414     0.995414   -0.0956564 
    0.788817     0.614628    -0.614628     0.788817 
   -0.705506     0.708704     0.708704     0.705506 
   -0.678844     0.734282     0.734282     0.678844 
    0.414689     0.909963     0.909963    -0.414689 
    0.846534    -0.532335     0.532335     0.846534 
    0.966959     0.254931    -0.254931     0.966959 
  -0.0658984     0.997826     0.997826    0.0658984 
   -0.278432     0.960456     0.960456     0.278432 
    0.985088    -0.172052     0.172052     0.985088 
    0.717264     0.696801    -0.696801     0.717264 
  -0.0882419     0.996099     0.996099    0.0882419 
   -0.104499     0.994525     0.994525     0.104499 
    0.758252    -0.651961     0.651961     0.758252 
    0.481757     0.876305     0.876305    -0.481757 
  -0.0445746     0.999006     0.999006    0.0445746 
      0.7148     0.699328    -0.699328       0.7148 
   -0.263409     0.964684     0.964684     0.263409 
    0.275593     0.961275     0.961275    -0.275593 
    0.540677      0.84123      0.84123    -0.540677 
    0.943942      0.33011     -0.33011     0.943942 
   -0.526147     0.850394     0.850394     0.526147 
    0.102836     0.994698     0.994698    -0.102836 
    0.243705     0.969849     0.969849    -0.243705 
    0.970363     0.241652    -0.241652     0.970363 
    0.287919     0.957655     0.957655    -0.287919 
   -0.280141     0.959959     0.959959     0.280141 
    0.892534     -0.45098      0.45098     0.892534 
    0.940581    -0.339571     0.339571     0.940581 
     0.27357     0.961852     0.961852     -0.27357 
   -0.661134     0.750268     0.750268     0.661134 
    0.611683     0.791103     0.791103    -0.611683 
    0.505216     0.862993     0.862993    -0.505216 
    0.276699     0.960957     0.960957    -0.276699 
 -0.00534735     0.999986     0.999986   0.00534735 
    0.359453     0.933163     0.933163    -0.359453 
    0.145852     0.989306     0.989306    -0.145852 
   -0.061618       0.9981       0.9981     0.061618 
    0.220404     0.975409     0.975409    -0.220404 
   -0.286118     0.958194     0.958194     0.286118 
   -0.349413     0.936969     0.936969     0.349413 
   -0.498931     0.866642     0.866642     0.498931 
    0.501632     0.865081     0.865081    -0.501632 
   -0.261316     0.965253     0.965253     0.261316 
    0.900911     0.434004    -0.434004     0.900911 
    0.961402    -0.275149     0.275149     0.961402 
    0.201945     0.979397     0.979397    -0.201945 
   -0.089866     0.995954     0.995954     0.089866 
   0.0660142     0.997819     0.997819   -0.0660142 
    0.276398     0.961043     0.961043    -0.276398 
    0.198234     0.980155     0.980155    -0.198234 
    0.976503     0.215503    -0.215503     0.976503 
     0.46488     0.885374     0.885374     -0.46488 
    0.949916    -0.312505     0.312505     0.949916 
    0.263934     0.964541     0.964541    -0.263934 
    0.835723    -0.549151     0.549151     0.835723 
    0.752047     0.659109    -0.659109     0.752047 
    0.837418     0.546563    -0.546563     0.837418 
    0.950267     0.311437    -0.311437     0.950267 
    0.373059     0.927807     0.927807    -0.373059 
    0.215614     0.976479     0.976479    -0.215614 
    0.905461    -0.424429     0.424429     0.905461 
    0.448245     0.893911     0.893911    -0.448245 
    0.288524     0.957473     0.957473    -0.288524 
    0.976558    -0.215256     0.215256     0.976558 
   -0.389802     0.920899     0.920899     0.389802 
    0.624424     0.781085     0.781085    -0.624424 
    0.648078     0.761574     0.761574    -0.648078 
    0.402676     0.915343     0.915343    -0.402676 
    0.989458     0.144823    -0.144823     0.989458 
    0.932957    -0.359988     0.359988     0.932957 
    0.396036     0.918235     0.918235    -0.396036 
    0.899949     0.435995    -0.435995     0.899949 
    0.989821    -0.142315     0.142315     0.989821 
    0.777741    -0.628584     0.628584     0.777741 
   -0.675479      0.73738      0.73738     0.675479 
    0.999408   -0.0343963    0.0343963     0.999408 
    0.897552    -0.440908     0.440908     0.897552 
    0.987698     0.156371    -0.156371     0.987698 
    0.985946    -0.167064     0.167064     0.985946 
    0.733543    -0.679643     0.679643     0.733543 
   0.0856917     0.996322     0.996322   -0.0856917 
    0.534183     0.845369     0.845369    -0.534183 
    0.967535    -0.252736     0.252736     0.967535 
    0.805892     0.592063    -0.592063     0.805892 
    0.909831     0.414979    -0.414979     0.909831 
    0.842979     0.537946    -0.537946     0.842979 
   -0.254708     0.967018     0.967018     0.254708 
   0.0293017     0.999571     0.999571   -0.0293017 
    0.998205   -0.0598978    0.0598978     0.998205 
   -0.205906     0.978572     0.978572     0.205906 
    0.717275     -0.69679      0.69679     0.717275 
    0.525152     0.851009     0.851009    -0.525152 
    0.954811    -0.297212     0.297212     0.954811 
      0.4876     0.873067     0.873067      -0.4876 
    0.722663     0.691201    -0.691201     0.722663 
     0.92161     0.388117    -0.388117      0.92161 
    0.894541    -0.446985     0.446985     0.894541 
   -0.421596     0.906784     0.906784     0.421596 
   -0.345738     0.938331     0.938331     0.345738 
    0.845464     0.534032    -0.534032     0.845464 
    0.966602    -0.256284     0.256284     0.966602 
    0.659413     0.751781     0.751781    -0.659413 
    0.245199     0.969473     0.969473    -0.245199 
    0.645007     0.764176     0.764176    -0.645007 
   -0.123929     0.992291     0.992291     0.123929 
    0.979645     0.200735    -0.200735     0.979645 
   0.0442811     0.999019     0.999019   -0.0442811 
     0.12693     0.991912     0.991912     -0.12693 
    0.889445     0.457042    -0.457042     0.889445 
    0.726258    -0.687422     0.687422     0.726258 
    0.724801     0.688958    -0.688958     0.724801 
    0.758525     0.651644    -0.651644     0.758525 
    0.378457     0.925619     0.925619    -0.378457 
    0.731712    -0.681614     0.681614     0.731712 
   -0.580459     0.814289     0.814289     0.580459 
    0.160548     0.987028     0.987028    -0.160548 
    0.605816     0.795605     0.795605    -0.605816 
    0.989209    -0.146511     0.146511     0.989209 
  -0.0579516     0.998319     0.998319    0.0579516 
  -0.0130988     0.999914     0.999914    0.0130988 
   -0.459152     0.888358     0.888358     0.459152 
    0.909443     0.415829    -0.415829     0.909443 
   -0.565169     0.824975     0.824975     0.565169 
    0.956153     0.292868    -0.292868     0.956153 
      0.9946     0.103781    -0.103781       0.9946 
    0.998429     0.056038    -0.056038     0.998429 
    0.982396     -0.18681      0.18681     0.982396 
    0.714085    -0.700059     0.700059     0.714085 
    0.667318     0.744772     0.744772    -0.667318 
    0.811881     0.583824    -0.583824     0.811881 
    0.566461     0.824089     0.824089    -0.566461 
    0.213247     0.976998     0.976998    -0.213247 
   -0.127471     0.991842     0.991842     0.127471 
   -0.620329     0.784342     0.784342     0.620329 
   -0.648371     0.761325     0.761325     0.648371 
    0.732329     0.680951    -0.680951     0.732329 
    0.563887     0.825852     0.825852    -0.563887 
    0.234957     0.972006     0.972006    -0.234957 
    0.802213    -0.597037     0.597037     0.802213 
   -0.537471     0.843282     0.843282     0.537471 
   0.0403939     0.999184     0.999184   -0.0403939 
   -0.365912      0.93065      0.93065     0.365912 
    0.858454     -0.51289      0.51289     0.858454 
  -0.0137976     0.999905     0.999905    0.0137976 
     0.44675     0.894659     0.894659     -0.44675 
     0.81507    -0.579362     0.579362      0.81507 
   -0.566912     0.823778     0.823778     0.566912 
    0.999656   -0.0262355    0.0262355     0.999656 
   0.0359799     0.999353     0.999353   -0.0359799 
    0.997431    0.0716365   -0.0716365     0.997431 
   0.0623397     0.998055     0.998055   -0.0623397 
    0.996033   -0.0889893    0.0889893     0.996033 
    0.784539    -0.620079     0.620079     0.784539 
   -0.117121     0.993118     0.993118     0.117121 
   -0.477259     0.878762     0.878762     0.477259 
    0.423629     0.905836     0.905836    -0.423629 
   -0.201967     0.979392     0.979392     0.201967 
     0.41181      0.91127      0.91127     -0.41181 
   -0.278483     0.960441     0.960441     0.278483 
    0.779605    -0.626271     0.626271     0.779605 
   -0.276501     0.961014     0.961014     0.276501 
   -0.271385     0.962471     0.962471     0.271385 
    0.857058     -0.51522      0.51522     0.857058 
  -0.0650563     0.997882     0.997882    0.0650563 
    0.758245    -0.651969     0.651969     0.758245 
    0.576754     0.816918     0.816918    -0.576754 
    0.528772     0.848764     0.848764    -0.528772 
  -0.0174032     0.999849     0.999849    0.0174032 
     0.13385     0.991002     0.991002     -0.13385 
    0.983909      0.17867     -0.17867     0.983909 
   -0.307761     0.951464     0.951464     0.307761 
   0.0372676     0.999305     0.999305   -0.0372676 
  -0.0347036     0.999398     0.999398    0.0347036 
   -0.662747     0.748843     0.748843     0.662747 
    0.988184     0.153271    -0.153271     0.988184 
    0.988809      0.14919     -0.14919     0.988809 
     0.97427    -0.225383     0.225383      0.97427 
    0.999757    0.0220248   -0.0220248     0.999757 
    0.917457     0.397836    -0.397836     0.917457 
    0.872021    -0.489469     0.489469     0.872021 
    0.711764    -0.702419     0.702419     0.711764 
   -0.675226     0.737611     0.737611     0.675226 
    0.593446     0.804874     0.804874    -0.593446 
    0.857247     0.514905    -0.514905     0.857247 
    0.297315      0.95478      0.95478    -0.297315 
   -0.270086     0.962836     0.962836     0.270086 
    0.481124     0.876653     0.876653    -0.481124 
    0.737888    -0.674923     0.674923     0.737888 
    -0.41299     0.910736     0.910736      0.41299 
    0.378327     0.925672     0.925672    -0.378327 
 -0.00551676     0.999985     0.999985   0.00551676 
  -0.0431524     0.999068     0.999068    0.0431524 
  -0.0885923     0.996068     0.996068    0.0885923 
    0.484148     0.874986     0.874986    -0.484148 
     0.75637    -0.654144     0.654144      0.75637 
    0.752804    -0.658245     0.658245     0.752804 
 -0.00225209     0.999997     0.999997   0.00225209 
    0.434927     0.900466     0.900466    -0.434927 
    0.979068    -0.203533     0.203533     0.979068 
    0.999757    0.0220528   -0.0220528     0.999757 
    0.162945     0.986635     0.986635    -0.162945 
    0.923207    -0.384303     0.384303     0.923207 
    0.268084     0.963395     0.963395    -0.268084 
    0.937349    -0.348391     0.348391     0.937349 
    0.674243      0.73851      0.73851    -0.674243 
  -0.0890057     0.996031     0.996031    0.0890057 
    0.157857     0.987462     0.987462    -0.157857 
    0.985005    -0.172523     0.172523     0.985005 
   -0.142314     0.989821     0.989821     0.142314 
  -0.0455463     0.998962     0.998962    0.0455463 
   -0.432608     0.901582     0.901582     0.432608 
    0.766016    -0.642822     0.642822     0.766016 
   -0.288734      0.95741      0.95741     0.288734 
    0.332835     0.942985     0.942985    -0.332835 
    0.523352     0.852117     0.852117    -0.523352 
   -0.289218     0.957263     0.957263     0.289218 
   -0.281095      0.95968      0.95968     0.281095 
   -0.228474      0.97355      0.97355     0.228474 
    0.539747     0.841827     0.841827    -0.539747 
    0.536115     0.844145     0.844145    -0.536115 
    0.934826     0.355107    -0.355107     0.934826 
    0.777859    -0.628438     0.628438     0.777859 
    0.691603     0.722278     0.722278    -0.691603 
    0.924662    -0.380789     0.380789     0.924662 
    0.910993    -0.412423     0.412423     0.910993 
    0.939034    -0.343823     0.343823     0.939034 
    0.963661    -0.267129     0.267129     0.963661 
   -0.185887     0.982571     0.982571     0.185887 
   0.0936609     0.995604     0.995604   -0.0936609 
   -0.433157     0.901318     0.901318     0.433157 
    0.521401     0.853312     0.853312    -0.521401 
  -0.0355087     0.999369     0.999369    0.0355087 
    0.289987     0.957031     0.957031    -0.289987 
   -0.371543     0.928416     0.928416     0.371543 
    0.828291     0.560299    -0.560299     0.828291 
   -0.109132     0.994027     0.994027     0.109132 
    0.558531     0.829484     0.829484    -0.558531 
    -0.36692     0.930252     0.930252      0.36692 
    0.908166    -0.418611     0.418611     0.908166 
     0.71138     0.702807    -0.702807      0.71138 
    0.988796    -0.149271     0.149271     0.988796 
    0.170408     0.985374     0.985374    -0.170408 
   0.0603538     0.998177     0.998177   -0.0603538 
   0.0174455     0.999848     0.999848   -0.0174455 
  -0.0988817     0.995099     0.995099    0.0988817 
    0.526257     0.850326     0.850326    -0.526257 
    0.245991     0.969272     0.969272    -0.245991 
    0.484538      0.87477      0.87477    -0.484538 
    0.344409      0.93882      0.93882    -0.344409 
   -0.607749     0.794129     0.794129     0.607749 
   -0.408387     0.912809     0.912809     0.408387 
     0.97935    -0.202171     0.202171      0.97935 
    0.747018     0.664804    -0.664804     0.747018 
    0.953779     0.300508    -0.300508     0.953779 
   -0.562629     0.826709     0.826709     0.562629 
    0.548717     0.836008     0.836008    -0.548717 
  0.00423902     0.999991     0.999991  -0.00423902 
   -0.574877      0.81824      0.81824     0.574877 
    0.721134    -0.692796     0.692796     0.721134 
    0.146074     0.989274     0.989274    -0.146074 
    0.935303     0.353848    -0.353848     0.935303 
  -0.0177306     0.999843     0.999843    0.0177306 
    0.422732     0.906255     0.906255    -0.422732 
    0.799145    -0.601138     0.601138     0.799145 
    0.778517     0.627623    -0.627623     0.778517 
    0.172863     0.984946     0.984946    -0.172863 
    0.137326     0.990526     0.990526    -0.137326 
  -0.0625789      0.99804      0.99804    0.0625789 
    0.449717     0.893171     0.893171    -0.449717 
    0.312781     0.949825     0.949825    -0.312781 
   0.0497959     0.998759     0.998759   -0.0497959 
    0.993732     0.111785    -0.111785     0.993732 
   -0.105762     0.994391     0.994391     0.105762 
   -0.390078     0.920782     0.920782     0.390078 
    0.810893     0.585195    -0.585195     0.810893 
    0.730381      0.68304     -0.68304     0.730381 
     0.99685   -0.0793059    0.0793059      0.99685 
   -0.126239        0.992        0.992     0.126239 
    0.908779     0.417277    -0.417277     0.908779 
   -0.233709     0.972307     0.972307     0.233709 
  -0.0775163     0.996991     0.996991    0.0775163 
    0.631965     0.774997     0.774997    -0.631965 
     0.63422     0.773153     0.773153     -0.63422 
    0.949681    -0.313218     0.313218     0.949681 
     0.50736     0.861734     0.861734     -0.50736 
   -0.210422     0.977611     0.977611     0.210422 
   -0.289064      0.95731      0.95731     0.289064 
    0.734692       0.6784      -0.6784     0.734692 
   -0.311675     0.950189     0.950189     0.311675 
     0.99049    -0.137588     0.137588      0.99049 
    0.998581    0.0532564   -0.0532564     0.998581 
   -0.433641     0.901086     0.901086     0.433641 
   -0.634607     0.772835     0.772835     0.634607 
    0.525705     0.850667     0.850667    -0.525705 
  -0.0469493     0.998897     0.998897    0.0469493 
    0.109057     0.994035     0.994035    -0.109057 
    0.913573    -0.406675     0.406675     0.913573 
    0.847684    -0.530501     0.530501     0.847684 
   -0.506428     0.862283     0.862283     0.506428 
    0.958378     0.285504    -0.285504     0.958378 
    0.945884    -0.324504     0.324504     0.945884 
    0.998393    -0.056672     0.056672     0.998393 
     0.99961    0.0279271   -0.0279271      0.99961 
    0.997809    0.0661531   -0.0661531     0.997809 
    0.999866   -0.0163943    0.0163943     0.999866 
   -0.412826      0.91081      0.91081     0.412826 
    0.729394     0.684094    -0.684094     0.729394 
   -0.333538     0.942737     0.942737     0.333538 
    0.124874     0.992173     0.992173    -0.124874 
   -0.159038     0.987273     0.987273     0.159038 
   -0.395496     0.918468     0.918468     0.395496 
    0.559176     0.829049     0.829049    -0.559176 
   -0.174448     0.984666     0.984666     0.174448 
   -0.346834     0.937926     0.937926     0.346834 
    0.433381     0.901211     0.901211    -0.433381 
    0.731244     0.682116    -0.682116     0.731244 
    0.988532    -0.151013     0.151013     0.988532 
   -0.596558      0.80257      0.80257     0.596558 
   -0.612733      0.79029      0.79029     0.612733 
    0.281563     0.959543     0.959543    -0.281563 
    0.999854    0.0170935   -0.0170935     0.999854 
     0.24554     0.969386     0.969386     -0.24554 
   0.0442128     0.999022     0.999022   -0.0442128 
   -0.262926     0.964816     0.964816     0.262926 
    0.326808     0.945091     0.945091    -0.326808 
   -0.036607      0.99933      0.99933     0.036607 
   0.0183704     0.999831     0.999831   -0.0183704 
    0.489393     0.872064     0.872064    -0.489393 
    0.997835    0.0657657   -0.0657657     0.997835 
  -0.0816004     0.996665     0.996665    0.0816004 
     0.35135     0.936244     0.936244     -0.35135 
   -0.177631     0.984097     0.984097     0.177631 
   0.0949085     0.995486     0.995486   -0.0949085 
    0.250035     0.968237     0.968237    -0.250035 
   -0.141977      0.98987      0.98987     0.141977 
    0.364371     0.931254     0.931254    -0.364371 
    0.960878     0.276973    -0.276973     0.960878 
  -0.0976618      0.99522      0.99522    0.0976618 
    0.889668    -0.456609     0.456609     0.889668 
    0.105111     0.994461     0.994461    -0.105111 
    0.430489     0.902596     0.902596    -0.430489 
    0.768825     0.639459    -0.639459     0.768825 
   -0.260668     0.965429     0.965429     0.260668 
    0.998476    0.0551912   -0.0551912     0.998476 
    0.977411    -0.211346     0.211346     0.977411 
    0.820077     0.572253    -0.572253     0.820077 
   -0.588596     0.808427     0.808427     0.588596 
    -0.45994      0.88795      0.88795      0.45994 
    0.999246    0.0388277   -0.0388277     0.999246 
  -0.0195556     0.999809     0.999809    0.0195556 
   0.0984029     0.995147     0.995147   -0.0984029 
    0.085498     0.996338     0.996338    -0.085498 
    0.978912    -0.204281     0.204281     0.978912 
    0.997914    0.0645494   -0.0645494     0.997914 
    0.937964     0.346732    -0.346732     0.937964 
   -0.227136     0.973863     0.973863     0.227136 
   -0.121166     0.992632     0.992632     0.121166 
   0.0603333     0.998178     0.998178   -0.0603333 
  -0.0600989     0.998192     0.998192    0.0600989 
   -0.700382     0.713768     0.713768     0.700382 
    0.976117    -0.217245     0.217245     0.976117 
    0.768009    -0.640439     0.640439     0.768009 
    0.836214    -0.548403     0.548403     0.836214 
   -0.130939      0.99139      0.99139     0.130939 
    0.999853   -0.0171284    0.0171284     0.999853 
    0.889212    -0.457495     0.457495     0.889212 
    0.688909     0.724848     0.724848    -0.688909 
   -0.365197      0.93093      0.93093     0.365197 
   -0.385209     0.922829     0.922829     0.385209 
  -0.0300205     0.999549     0.999549    0.0300205 
    0.436399     0.899753     0.899753    -0.436399 
   -0.364556     0.931182     0.931182     0.364556 
    0.392435      0.91978      0.91978    -0.392435 
    0.862679    -0.505752     0.505752     0.862679 
    0.988926     -0.14841      0.14841     0.988926 
   -0.566601     0.823992     0.823992     0.566601 
    0.652975      0.75738      0.75738    -0.652975 
    0.730501    -0.682912     0.682912     0.730501 
     0.69423     0.719753     0.719753     -0.69423 
    0.997458   -0.0712579    0.0712579     0.997458 
    0.889295    -0.457334     0.457334     0.889295 
    0.966136    -0.258033     0.258033     0.966136 
    0.401478     0.915869     0.915869    -0.401478 
   0.0736132     0.997287     0.997287   -0.0736132 
   -0.286702      0.95802      0.95802     0.286702 
   -0.151048     0.988526     0.988526     0.151048 
    0.980118     0.198416    -0.198416     0.980118 
    0.844661    -0.535302     0.535302     0.844661 
    0.996467    0.0839822   -0.0839822     0.996467 
    0.334061     0.942552     0.942552    -0.334061 
    0.929948     0.367691    -0.367691     0.929948 
    0.446526     0.894771     0.894771    -0.446526 
   -0.527622     0.849479     0.849479     0.527622 
   -0.421457     0.906848     0.906848     0.421457 
  -0.0451365     0.998981     0.998981    0.0451365 
   0.0240227     0.999711     0.999711   -0.0240227 
    0.136341     0.990662     0.990662    -0.136341 
    0.615657     0.788014     0.788014    -0.615657 
   -0.083357      0.99652      0.99652     0.083357 
    0.824442     0.565947    -0.565947     0.824442 
    0.943964     0.330048    -0.330048     0.943964 
    0.564454     0.825464     0.825464    -0.564454 
    0.635663     0.771967     0.771967    -0.635663 
   -0.057475     0.998347     0.998347     0.057475 
   -0.284708     0.958614     0.958614     0.284708 
    0.837312    -0.546725     0.546725     0.837312 
     0.57511     0.818076     0.818076     -0.57511 
    0.414697      0.90996      0.90996    -0.414697 
    0.997702    0.0677524   -0.0677524     0.997702 
   -0.630741     0.775994     0.775994     0.630741 
     0.75753     0.652801    -0.652801      0.75753 
    0.603669     0.797235     0.797235    -0.603669 
    0.862886    -0.505398     0.505398     0.862886 
    0.936044    -0.351882     0.351882     0.936044 
  -0.0518066     0.998657     0.998657    0.0518066 
    0.341211     0.939987     0.939987    -0.341211 
   -0.588954     0.808167     0.808167     0.588954 
   0.0064119     0.999979     0.999979   -0.0064119 
    -0.24103     0.970518     0.970518      0.24103 
    0.969031     0.246938    -0.246938     0.969031 
   -0.702163     0.712016     0.712016     0.702163 
     -0.1963     0.980544     0.980544       0.1963 
     0.56799     0.823035     0.823035     -0.56799 
   -0.072259     0.997386     0.997386     0.072259 
   -0.182865     0.983138     0.983138     0.182865 
    0.801346    -0.598201     0.598201     0.801346 
    0.716324    -0.697768     0.697768     0.716324 
    0.802339     0.596868    -0.596868     0.802339 
    0.392476     0.919762     0.919762    -0.392476 
    0.529168     0.848517     0.848517    -0.529168 
    0.568073     0.822978     0.822978    -0.568073 
    0.394209     0.919021     0.919021    -0.394209 
    0.280157     0.959954     0.959954    -0.280157 
   -0.437476      0.89923      0.89923     0.437476 
  -0.0314902     0.999504     0.999504    0.0314902 
  -0.0931344     0.995654     0.995654    0.0931344 
   -0.698825     0.715293     0.715293     0.698825 
    0.443451     0.896299     0.896299    -0.443451 
    0.830926    -0.556382     0.556382     0.830926 
    0.270721     0.962658     0.962658    -0.270721 
   -0.703541     0.710654     0.710654     0.703541 
    0.855858    -0.517211     0.517211     0.855858 
    0.294341       0.9557       0.9557    -0.294341 
    0.281967     0.959424     0.959424    -0.281967 
    0.458171     0.888864     0.888864    -0.458171 
     0.99342     0.114531    -0.114531      0.99342 
  -0.0735581     0.997291     0.997291    0.0735581 
    0.999979   0.00643465  -0.00643465     0.999979 
   -0.690478     0.723354     0.723354     0.690478 
    0.909097     0.416585    -0.416585     0.909097 
   -0.347562     0.937657     0.937657     0.347562 
    0.891742    -0.452545     0.452545     0.891742 
   -0.410455     0.911881     0.911881     0.410455 
    0.542214      0.84024      0.84024    -0.542214 
    0.683355     0.730086     0.730086    -0.683355 
     0.63053     0.776165     0.776165     -0.63053 
    0.717922     0.696124    -0.696124     0.717922 
    0.231865     0.972748     0.972748    -0.231865 
    0.996062    0.0886579   -0.0886579     0.996062 
     0.27787     0.960619     0.960619     -0.27787 
  -0.0156981     0.999877     0.999877    0.0156981 
     0.76602    -0.642817     0.642817      0.76602 
    0.732045    -0.681257     0.681257     0.732045 
    0.963638     -0.26721      0.26721     0.963638 
   0.0254115     0.999677     0.999677   -0.0254115 
    0.999462   -0.0327929    0.0327929     0.999462 
    0.821117     -0.57076      0.57076     0.821117 
    0.328121     0.944636     0.944636    -0.328121 
    0.959634    -0.281252     0.281252     0.959634 
    0.995468    0.0950917   -0.0950917     0.995468 
    0.754863     0.655883    -0.655883     0.754863 
    0.944493    -0.328531     0.328531     0.944493 
   -0.289335     0.957228     0.957228     0.289335 
    0.863451     0.504432    -0.504432     0.863451 
    0.983906     0.178685    -0.178685     0.983906 
   -0.283603     0.958942     0.958942     0.283603 
    0.852276    -0.523092     0.523092     0.852276 
    0.776488    -0.630131     0.630131     0.776488 
    0.902137      0.43145     -0.43145     0.902137 
    0.543036      0.83971      0.83971    -0.543036 
    0.530198     0.847874     0.847874    -0.530198 
     0.98001    -0.198949     0.198949      0.98001 
    0.224581     0.974455     0.974455    -0.224581 
    -0.47868     0.877989     0.877989      0.47868 
    0.965538    -0.260261     0.260261     0.965538 
  -0.0633775      0.99799      0.99799    0.0633775 
   -0.434848     0.900504     0.900504     0.434848 
    0.632001     0.774968     0.774968    -0.632001 
    0.830498     0.557022    -0.557022     0.830498 
    0.530596     0.847625     0.847625    -0.530596 
    0.320296     0.947317     0.947317    -0.320296 
    0.791637    -0.610992     0.610992     0.791637 
    0.902393    -0.430915     0.430915     0.902393 
  -0.0943728     0.995537     0.995537    0.0943728 
    0.771568     0.636147    -0.636147     0.771568 
    0.894911    -0.446245     0.446245     0.894911 
    0.788756    -0.614707     0.614707     0.788756 
    0.928331    -0.371754     0.371754     0.928331 
   -0.560412     0.828214     0.828214     0.560412 
   -0.685869     0.727725     0.727725     0.685869 
    0.250643      0.96808      0.96808    -0.250643 
    0.584348     0.811503     0.811503    -0.584348 
    0.993768     0.111471    -0.111471     0.993768 
    0.679111     0.734035     0.734035    -0.679111 
    0.998869   -0.0475373    0.0475373     0.998869 
   -0.207341     0.978269     0.978269     0.207341 
     0.65004       0.7599       0.7599     -0.65004 
    0.480809     0.876825     0.876825    -0.480809 
    0.992209     0.124587    -0.124587     0.992209 
   -0.241147     0.970489     0.970489     0.241147 
    0.965045     0.262085    -0.262085     0.965045 
    0.278555      0.96042      0.96042    -0.278555 
      0.4778     0.878469     0.878469      -0.4778 
    -0.40064     0.916236     0.916236      0.40064 
    0.022898     0.999738     0.999738    -0.022898 
    0.250533     0.968108     0.968108    -0.250533 
   -0.300958     0.953637     0.953637     0.300958 
   -0.360211     0.932871     0.932871     0.360211 
   -0.362742      0.93189      0.93189     0.362742 
   -0.464296      0.88568      0.88568     0.464296 
    0.995926   -0.0901701    0.0901701     0.995926 
  -0.0685846     0.997645     0.997645    0.0685846 
   -0.143793     0.989608     0.989608     0.143793 
    0.791285    -0.611447     0.611447     0.791285 
    0.729677    -0.683792     0.683792     0.729677 
   -0.462417     0.886663     0.886663     0.462417 
    0.239318     0.970941     0.970941    -0.239318 
    0.194659     0.980871     0.980871    -0.194659 
    0.391681     0.920101     0.920101    -0.391681 
    0.834426      0.55112     -0.55112     0.834426 
   -0.646425     0.762978     0.762978     0.646425 
   -0.391465     0.920193     0.920193     0.391465 
     0.66464     0.747164     0.747164     -0.66464 
    0.936297    -0.351209     0.351209     0.936297 
    0.119173     0.992874     0.992874    -0.119173 
   -0.656002     0.754759     0.754759     0.656002 
    0.989421     0.145074    -0.145074     0.989421 
   -0.180645     0.983548     0.983548     0.180645 
 -0.00925486     0.999957     0.999957   0.00925486 
    0.990821     0.135182    -0.135182     0.990821 
    0.731202     0.682161    -0.682161     0.731202 
    0.843651    -0.536892     0.536892     0.843651 
    0.757671     0.652637    -0.652637     0.757671 
     0.45185     0.892094     0.892094     -0.45185 
     0.97098    -0.239161     0.239161      0.97098 
    0.213249     0.976998     0.976998    -0.213249 
    0.229344     0.973345     0.973345    -0.229344 
  -0.0431439     0.999069     0.999069    0.0431439 
    0.285672     0.958328     0.958328    -0.285672 
    0.358813     0.933409     0.933409    -0.358813 
    0.807183    -0.590302     0.590302     0.807183 
    0.957529    -0.288336     0.288336     0.957529 
   -0.616802     0.787119     0.787119     0.616802 
    -0.56674     0.823896     0.823896      0.56674 
   0.0270059     0.999635     0.999635   -0.0270059 
   -0.567276     0.823528     0.823528     0.567276 
   -0.446303     0.894882     0.894882     0.446303 
    0.094266     0.995547     0.995547    -0.094266 
    0.147521     0.989059     0.989059    -0.147521 
    0.203326     0.979111     0.979111    -0.203326 
    0.999924   -0.0122911    0.0122911     0.999924 
    0.902981     -0.42968      0.42968     0.902981 
   0.0839697     0.996468     0.996468   -0.0839697 
    0.985513      -0.1696       0.1696     0.985513 
    0.965067    -0.262002     0.262002     0.965067 
    0.978413     0.206661    -0.206661     0.978413 
    0.855918     0.517112    -0.517112     0.855918 
     0.29614     0.955145     0.955145     -0.29614 
   -0.266008     0.963971     0.963971     0.266008 
    0.737078     0.675808    -0.675808     0.737078 
    0.872749     -0.48817      0.48817     0.872749 
   -0.186165     0.982518     0.982518     0.186165 
    0.844437     0.535655    -0.535655     0.844437 
   -0.584728      0.81123      0.81123     0.584728 
    0.945073    -0.326859     0.326859     0.945073 
    0.789601     0.613621    -0.613621     0.789601 
    0.897804    -0.440396     0.440396     0.897804 
   -0.348515     0.937303     0.937303     0.348515 
   -0.528222     0.849106     0.849106     0.528222 
   -0.423484     0.905904     0.905904     0.423484 
    0.927328     0.374249    -0.374249     0.927328 
   -0.190834     0.981622     0.981622     0.190834 
   -0.185162     0.982708     0.982708     0.185162 
   -0.440045     0.897976     0.897976     0.440045 
   -0.147071     0.989126     0.989126     0.147071 
    0.766396     0.642368    -0.642368     0.766396 
    0.140192     0.990124     0.990124    -0.140192 
  -0.0719278      0.99741      0.99741    0.0719278 
    0.998619   -0.0525446    0.0525446     0.998619 
    0.943669    -0.330892     0.330892     0.943669 
    0.740359    -0.672211     0.672211     0.740359 
   -0.668137     0.744038     0.744038     0.668137 
    0.750243    -0.661163     0.661163     0.750243 
    0.211965     0.977277     0.977277    -0.211965 
    0.759312     0.650727    -0.650727     0.759312 
    0.610934     0.791681     0.791681    -0.610934 
    0.046744     0.998907     0.998907    -0.046744 
    0.379278     0.925283     0.925283    -0.379278 
   0.0921913     0.995741     0.995741   -0.0921913 
   -0.123424     0.992354     0.992354     0.123424 
    0.482541     0.875874     0.875874    -0.482541 
   -0.242931     0.970044     0.970044     0.242931 
  0.00739749     0.999973     0.999973  -0.00739749 
    0.721224     0.692702    -0.692702     0.721224 
    0.978496     0.206268    -0.206268     0.978496 
    0.963804    -0.266611     0.266611     0.963804 
    0.716204    -0.697891     0.697891     0.716204 
    0.144013     0.989576     0.989576    -0.144013 
    0.566039     0.824378     0.824378    -0.566039 
    0.541414     0.840756     0.840756    -0.541414 
   -0.599044     0.800716     0.800716     0.599044 
   -0.583828     0.811878     0.811878     0.583828 
    0.919423     -0.39327      0.39327     0.919423 
    0.209186     0.977876     0.977876    -0.209186 
