      36       13       16       12        6       18       12       11       36       31        8       21       23       22       30       14       35       56       33      133      114       23       18       86       88 
      57        7       28        0       29       18       15       19       22       24       15       21       40       42       28       22       14       15       13      149      128       75       90       44       88 
      67       36       15       19       39       29       29        9       21       30       27       11       34        3       29       13       28       41      180       75      160      138      131       98      106 
      54       13       15       14       20       20       25       29       20       23        2       11        3       28       12       16       35      131      159      158      188      161      121      116       93 
      24       11        7       18       19       38       17       29       15       57        9       11       12       28       13       24       55       68      119      162      103      156      157      107      124 
      27       12       11       22       24       23       41       28       19        9       14       15       12       15       10       30       36       12       28      135      125      107      117      182      154 
      19        8       23       21       34       12       39       32        0       20       12       26        1        8       28       52       42        4        2       24       83      165       84      132      130 
      15       11       17       17       27       17       19       20       20       20        9       42        6        9       18       20       21        4       24       16       30       53      135      114       98 
      10       22       23       20       26       14       20       21       19       18        8       18        9       17        9       12       27       50       48       22       20       44       85       93      100 
      23       43       22       21        3       16       16        5       13       11        7       33        3       25       23       39       13       36       37       28       27       91      131      102      115 
      54       36        7       23       30       26        8       16       30       16       48       28       14       21       27       20        0       29       54       37       40       64      137       78      127 
      26       33       25        9       10       15        8       30       22       19       17       18       10       19       21       22       19        6       45       22       59       79      114      165       91 
      42       39       32       11       32       25       17       23        7       17       24       20        7        5        6       27       29       23       30       11       28       74      103      116       90 
      31       52       35       12       19       33       19       15       27       30       36       22       31       24       15       21       26       19       37       40       30       58       99       61       57 
      36       42       36        4       22       14       29       30       20       24       36       22       20       12        6        8        6        4        3       74       64      128       71       51       78 
      41       58       35       37        3        5       36       27       21       18       35       21       35        4       12       36        4       33       27       28       70       87       83       49       41 
       8       19       37       19       18       31       20       29       10       36       17       35        7        9       19       19       10        0        1       40       48       67       44       59       50 
      25        5       24       33        3       28       37       32        2       23       30        8       13       33       31       14       12       14       18       31       60       42       58       59       50 
       8       27       44       50       26       32       46       34       14       34       45       19        6       17       13       25       15       18       46       30       49       63       78       57       53 
      19       23       44       37       16       17       30       19       16        4       25       21        4       11       49       38       18       50       42       83       34       64       43       39       27 
      35       57       61       21       18       16       13       21       15       23       34       45       22       43       22       42       37       17       26       34       30       15       44       42       49 
      35       41       73       38       20       10       47       19       34       12       24       23       23       57        5       19        4       20       18       17       25       36       14       17       28 
      20       29       17       35       19       24        4        3        7       23       37       25       34       35       43       18       20       52       29       40       16       15       29       16       17 
      39       50       26       35       40        7       24       44       15       25       30       36        6        8        2       47       40       29       60       32       42       30       36       23       19 
      43       37       43       17        7       13       29       14       16       19       40       20       38        5       30       44       33       46       38       55       51       30       40       14       26 
total training data: 22492
rmse after training = 0.007
