     0.0202    -0.0328     0.0395
    -0.0125    -0.0539     0.0702
    -0.0112     0.0861    -0.0239
     0.0814     0.0602    -0.0513
     0.1462     0.0901    -0.1143
    -0.0161    -0.0531     0.0848
    -0.0304     0.1063    -0.0502
     0.0025     0.1419    -0.0808
     0.0896     0.0681    -0.0559
    -0.0142     0.0626     0.0405
    -0.0058     0.0308     0.0438
    -0.0016     0.0672    -0.0075
    -0.0103     0.0178     0.0436
    -0.0801     0.0145     0.0324
    -1.1497     1.5627     0.2484
     0.0381     0.0000     0.0250
     0.0252    -0.0973     0.0358
    -0.3415     0.0292     0.0456
    -0.1330    -0.0470     0.0347
    -0.3005     0.1629     0.0407
     0.1379    -0.0054     0.0225
    -0.0008    -0.3429     0.0467
    -0.0553     0.0216     0.0277
    -0.2161     0.0200     0.0318
     0.1363     0.3434     0.0196
    -0.0699    -0.2325     0.2235
    -0.1027    -0.0414     0.1052
    -0.0746     0.0392     0.0034
     0.0857     0.0038    -0.0074
    -0.0176     0.0140     0.0464
     0.0891     0.6766    -0.4554
    -0.0322     0.1416    -0.0873
    -0.0758     0.1540    -0.0221
     0.0043    -0.0960     0.1149
     0.0948    -0.0057     0.0027
     0.0219     0.0444     0.0145
    -0.0247    -0.0119     0.0874
     0.0330     0.1783    -0.0016
     0.0563     0.0319    -0.0069
    -0.1726     0.9825    -0.3730
    -0.1523     0.1412    -0.0085
     0.0269    -0.0536     0.0240
     0.0499    -0.0010     0.0194
     0.0425     0.0142     0.0200
     0.2345     0.2473    -0.0076
    -0.0721     0.1076     0.0229
     0.0871     0.5801    -0.0078
     0.1119    -0.1626     0.0257
    -0.0294    -0.0666     0.0266
     0.0202     0.0316     0.0232
    -0.2138    -0.0429     0.0779
    -0.1409     0.3589    -0.2440
     0.0262    -0.1756     0.1153
     0.0041     0.0650    -0.0149
    -0.1725     0.1211     0.0635
    -0.0889     0.0140     0.1244
     0.0325     0.0152     0.0186
     0.0659     0.0948    -0.0593
    -0.0535     0.0733     0.0274
    -0.1049    -0.4323     0.3974
    -0.0739    -0.2038     0.2510
     0.0339     0.0252     0.0185
    -0.1452    -0.3330     0.3258
     0.0579     0.0557    -0.0136
     0.0195    -0.0000     0.0262
     0.0366    -0.0728     0.0240
    -0.3501    -0.2853     0.1236
     0.1829     0.0448     0.0124
     0.0052    -0.1531     0.0304
     0.1481     0.3256    -0.0100
     0.0562    -0.0768     0.0258
    -0.1533     0.0747     0.0326
     0.0098     0.0644     0.0221
    -0.0993     0.1961     0.0216
     0.0066     0.0764     0.0248
     0.0160    -0.2968     0.2743
    -0.0216     0.0703     0.0329
    -0.0233    -0.0303     0.0735
     0.0226     0.0058     0.0264
    -0.0573     0.0507     0.0610
    -0.2370    -0.8321     0.3806
    -0.1636     0.0878     0.1119
     0.0676    -0.1492     0.1327
    -0.1056     0.5447    -0.0832
     0.3168    -0.5501    -0.2909
    -0.0066     0.0705    -0.0132
     0.0674     0.0250    -0.0080
     0.0694    -0.0160    -0.0013
     0.0016    -0.0238     0.0412
     0.0441    -0.0114     0.0172
     0.0412    -0.0249     0.0101
     0.0504     0.0143     0.0105
    -0.2516     0.1381     0.0353
     0.4357     0.1436    -0.0178
     0.0820    -0.1110     0.0259
    -0.0621    -0.0782     0.0301
    -0.1597    -0.0845     0.0357
    -0.0488    -0.1625     0.0367
    -0.0534    -0.2873     0.0430
     0.1170     0.1795     0.0188
    -0.4146     1.2452    -0.8478
     0.0007    -0.0688     0.0244
     0.0022    -0.0686     0.0753
    -0.2224     0.0374     0.2320
     0.2039    -0.0863    -0.0669
     0.0558    -0.1486     0.1632
    -0.0195    -0.0678     0.1102
     0.1399    -0.1962    -0.0663
     0.0730     0.0737    -0.0272
     0.2231    -0.1882     0.1715
     0.0387     0.1366    -0.0778
     0.0919     0.0249    -0.0289
     0.0585     0.0073    -0.0056
     0.0339     0.0898    -0.0068
     0.0136     0.0078     0.0227
     0.0058     0.0906    -0.0025
    -0.0097    -0.0463     0.0410
     0.1778    -0.6328     0.0929
    -0.0189     0.2045     0.0024
    -0.1148    -0.0513     0.0350
     0.0039     0.0710     0.0332
     0.0099    -0.2578     0.0561
     0.3778     0.1601    -0.0162
     0.0737     0.1411     0.0110
     0.0105     0.2366     0.0309
    -0.8528     0.5302    -0.5021
     0.0201     0.1973    -0.0974
     0.0285    -0.0658     0.0481
    -0.6820     0.2273     0.5284
    -0.0889     0.2690    -0.1306
     0.2157    -0.0311    -0.0222
    -0.2998    -0.1937     0.2406
    -0.9461    -0.1241     0.6217
    -0.1491     2.3464    -2.0705
    -0.0171     0.1343    -0.0347
     0.0940     0.1012    -0.0700
     0.0994     0.0220    -0.0179
     0.0193     0.0089     0.0183
     0.0140    -0.0047     0.0226
     0.0028     0.0143     0.0293
     0.0867     0.0836    -0.0023
     0.2997     0.1628    -0.0429
     0.0223    -0.0088     0.0243
    -0.0635     0.0238     0.0305
     0.0135    -0.1223     0.0438
     0.0272     0.6700    -0.0502
     0.2938    -0.1319     0.0153
     4.1514    -2.3714    -0.1992
     0.2451     0.3521    -0.0268
    -0.0573     0.0013     0.0282
    -0.6058     1.1804    -0.9574
     0.0174     0.1567    -0.0753
    -0.4762    -0.2770     0.3057
     0.5761    -0.3060    -0.4409
    -0.4073     1.4224    -0.8357
     0.0183    -0.0729     0.0672
    -0.4476     1.0034     0.4828
    -0.1117     0.1237    -0.0536
     0.1461     0.0720    -0.0930
     0.0395     0.6147    -0.3875
     0.1149     0.1121    -0.0855
    -0.0270     0.0225     0.0386
     0.0145    -0.0038     0.0273
     0.0201    -0.0145     0.0228
     0.0117    -0.0267     0.0275
    -0.0143     0.5318    -0.0964
     0.2034     0.4942    -0.0206
    -0.0073    -0.0388     0.0369
     0.0203    -0.0817     0.0355
    -0.1535     0.4670    -0.0453
     0.5975     0.0451    -0.0574
    -0.0778     0.4798    -0.0474
     0.3131    -0.0307     0.0435
     0.1669     0.3281     0.0277
    -0.1029     0.0986     0.0165
    -0.1060     0.1109     0.1463
    -0.0343    -0.2078     0.1466
     0.5438     0.6624    -0.6053
    -0.0505     1.2529    -0.8428
    -0.1098     0.4036    -0.1689
    -1.0267    -0.2484     0.8378
     0.1497    -0.5321     0.4533
     0.4708    -0.4025     0.1046
     0.2390     0.7949    -0.6154
     0.4498     0.5459    -0.3552
     0.0831     0.1484    -0.0880
    -0.0667     0.0720     0.0226
     0.0159     0.0044     0.0224
     0.0229     0.0129     0.0186
     0.0928     0.0342     0.0094
    -0.6133     0.6071     0.1428
    -0.0409     0.0029     0.0388
     0.0030    -0.0027     0.0291
     0.1992     0.3401    -0.0443
    -0.2217    -0.1101     0.0751
     0.3322     0.5763    -0.0973
    -0.0267    -0.0741     0.0460
     0.6864    -0.0798    -0.0367
     0.0408    -0.2469    -0.0007
     0.2615    -0.0646     0.0569
    -0.1147     0.0051     0.1080
    -0.7905     0.8370    -0.2725
     0.5091    -1.8164     1.1846
     0.1479    -2.4282     1.7832
     0.1232     0.5380    -0.2694
     0.1091     0.2017    -0.0121
     0.7451     0.4487    -0.4861
     0.0260    -0.0487     0.0552
     0.0217    -0.0065     0.0217
    -0.5162     0.4602     0.2528
     0.0402     0.0496    -0.0093
    -0.0169    -0.0470     0.0648
     0.0151    -0.0193     0.0289
     0.0365     0.0532     0.0024
    -0.0865    -0.0686     0.0806
    -0.0095    -0.0897     0.0342
    -0.0341     0.1234     0.0045
    -0.1259    -0.3162     0.1119
     0.1222    -0.2696     0.0251
    -0.1353     0.1312     0.0109
    -0.1449     0.1061     0.0196
    -0.0378     0.4944    -0.0702
     0.2513     0.4975     0.0302
     0.3395    -0.1209     0.0534
    -0.3422    -0.3215     0.1154
     0.0954     0.9164    -0.4135
     0.3002    -0.1090     0.0981
    -0.3353     1.1246    -0.7552
    -0.1080     0.9337    -0.6281
     0.0733     0.1208    -0.0526
    -0.4191    -0.1352     0.3620
     0.4848    -0.0436    -0.1633
     0.0555    -0.1342    -0.0181
     0.0251    -0.0532     0.0245
    -0.0013     0.1130     0.0182
    -0.0119     0.0612     0.0342
     0.0791    -0.0625    -0.0003
     0.0243    -0.0128     0.0238
    -0.0754     0.3480    -0.0855
    -0.0211    -0.0780     0.0595
    -0.0800     0.1026     0.0005
     0.0095    -0.0113     0.0278
     0.0377     0.4530    -0.0833
     0.1012     0.1002    -0.0059
     0.0235    -0.1051     0.0580
     0.0567    -0.0719     0.0359
     0.0431     0.2774    -0.0297
    -0.0317     0.1827     0.0065
     0.0715    -0.2587     0.0818
    -0.0131     0.0672     0.0394
    -0.2823    -0.1158     0.2116
     0.5041     0.0044    -0.3228
     0.0715     0.3301    -0.1913
     0.0331    -0.0076     0.0341
    -0.5694    -0.1688     0.3415
     0.1977    -0.0319     0.0047
    -0.0048     0.0217     0.0324
    -0.5558    -0.5504     0.6010
    -0.4461    -0.3823     0.4380
     0.3151     1.5167    -0.7904
     0.4451    -0.1286     0.1272
    -0.1488     0.1335    -0.0308
     0.0187     0.0271     0.0170
     0.0579    -0.0286     0.0430
     0.1195     0.0898    -0.0314
     0.0582    -0.0774     0.0573
    -0.0028     0.0585     0.0260
    -0.0424     0.1195     0.0100
    -0.1061     0.0407     0.0204
    -0.0448    -0.0351     0.0411
     0.0124     0.1619    -0.0035
    -0.2416    -0.5015     0.1361
    -0.1461    -0.1678     0.0722
    -0.2704     0.2371     0.0159
    -0.1447     0.0557     0.0627
     0.4640    -0.1198    -0.0470
    -0.5514     0.6292    -0.1371
     0.0450    -0.5872     0.3850
     0.0374     0.0954    -0.0362
     0.0722     0.0600    -0.0298
     0.0449    -0.0015     0.0156
    -0.0276    -0.0395     0.0712
    -0.9178    -0.5766     0.7842
    -0.3754     2.5357    -1.4548
     0.0686    -0.2014     0.1597
     1.5220     0.9550    -0.8724
    -0.2015    -0.1066     0.1239
     0.0184    -0.0044     0.0262
    -0.0395    -0.0104     0.0504
     0.1295     0.0113     0.0047
    -0.0656     0.0786     0.0154
    -0.0593     0.0353     0.0332
     0.0045     0.0646     0.0256
    -0.0729    -0.0587     0.0592
    -0.0119     0.0398     0.0340
     0.6222    -0.3460    -0.0133
     0.1661     0.3585    -0.0555
     0.0739    -0.3377     0.1125
     0.1889    -0.0486     0.0100
    -0.2169     0.0991    -0.0017
    -0.0435    -0.1715     0.0991
     0.2223     0.3688    -0.2138
    -0.1409    -0.1244     0.1202
    -0.2766    -0.6856     0.4551
     0.1508     0.1865    -0.1240
    -0.1611     0.3991    -0.1747
    -0.1119     0.4230    -0.1640
    -1.3348    -0.0861     0.9540
    -0.0498    -0.0544     0.0701
     1.1713    -3.2020     2.1482
     0.5739     0.0791    -0.2394
     0.2382     0.1182    -0.1191
     0.0209     0.0637     0.0051
     0.0100     0.0548     0.0116
    -0.0248     0.0187     0.0341
     0.1524    -0.1500     0.0229
    -0.0531    -0.0270     0.0471
     0.1263     0.0695     0.0028
    -0.0127     0.0840     0.0074
     0.0028     0.0233     0.0257
     0.0230     0.1581    -0.0102
     0.9860     0.8980    -0.1556
     0.0896     0.2574    -0.0327
    -0.4261     0.5762    -0.1132
    -0.1909     0.3394    -0.0541
    -0.3172    -0.6475     0.5568
     0.4379     0.0095    -0.1129
    -3.7449    -0.1421     2.6476
    -0.1635    -0.4724     0.3412
     0.0425    -0.0941     0.1090
    -0.6285    -1.0330     0.8579
    -0.6028     5.1062    -1.1255
     0.1202     0.2470    -0.1398
    -0.0068    -0.4461     0.2882
     0.8360    -3.0037     1.7287
    -0.3691    -0.3509     0.3445
     0.0302    -0.4088     0.2405
     0.0791     0.2932    -0.1333
     0.0498    -0.0287     0.0115
    -0.0120    -0.0012     0.0362
     0.0773    -0.1957     0.0834
    -0.0580    -0.0735     0.0659
     0.0347    -0.0997     0.0592
     0.0250    -0.2076     0.0813
     0.0605     0.2499    -0.0405
     0.8054     0.3141    -0.0714
     0.1604    -0.1291     0.0346
    -0.0570    -0.0544     0.0482
     0.0314    -0.7442     0.2205
    -0.5045    -0.3761     0.1198
    -0.2187    -0.6700     0.5422
    -0.4278     1.0032    -0.2447
    -0.0206     0.1872    -0.0585
     0.2446     0.4678    -0.2900
     0.6819     2.6997    -1.1906
     0.2199    -0.0196    -0.1027
    -0.1141     0.2409    -0.0677
    -0.1671     0.1621    -0.0921
    -0.1014     0.0291     0.0100
    -0.9685     0.2406     0.4773
     0.4991     1.6823    -0.9917
    -0.6809     2.6026    -0.9925
    -0.1515     0.3931    -0.1033
     0.0092    -0.0593     0.0388
     0.0089     0.0076     0.0266
    -0.0050     0.0441     0.0191
     0.0253    -0.0206     0.0359
    -0.0221    -0.0289     0.0442
    -0.0275     0.1099     0.0050
    -0.5485    -0.1110     0.0840
    -0.1250    -0.7313     0.1802
     0.3058    -0.2154    -0.0606
     0.2487    -0.1336    -0.0460
     0.8458    -0.6027    -0.2498
    -0.0442     0.6991    -0.1347
     0.7035    -0.8131    -0.2663
     0.7817    -0.1505    -0.5131
     0.6102     0.1323    -0.3732
    -0.5842    -0.6233     0.4715
     0.0573     0.6490    -0.3959
     0.2405     0.5205    -0.3443
    -0.2788    -0.4010     0.3439
     0.5735    -2.5541     1.6749
     0.0405     0.1483    -0.0512
    -1.6467    -2.0528     0.9796
    -0.7279    -0.0534     0.4606
    -0.0549     0.2932    -0.1327
    -0.2353    -0.4378     0.2351
    -0.0043    -0.1617     0.0142
     0.0348     0.1768    -0.0094
    -0.0497    -0.0504     0.0577
     0.0160    -0.0466     0.0246
    -0.0896     0.1115     0.0558
    -0.4283    -1.1344     0.4097
     0.2645     0.1040    -0.0079
     0.8301    -0.7135     0.2694
    -0.1556     0.6813    -0.1698
    -0.0307    -0.0472     0.0451
     0.6530     0.2403    -0.0883
     0.1623     0.2212    -0.0143
     0.0377     0.3887    -0.1892
     0.3310     0.2593    -0.2442
    -0.0515     0.2034    -0.0364
     0.0122    -0.0402     0.0673
    -0.6547     0.8674    -0.5750
    -0.0561     0.1461    -0.0496
     0.0074    -0.1538     0.1191
    -0.1957     0.2724    -0.0500
     0.0647     0.0115    -0.0065
    -0.0092    -0.1194     0.0997
    -0.1681    -0.1557     0.1595
     0.2566     0.1287    -0.1119
     0.0285     0.2977    -0.0546
     0.0741     0.2776    -0.0560
    -0.3636     1.5609    -0.5720
    -0.2868     0.1115     0.0005
     0.0051    -0.1126     0.0222
    -0.0292     0.0707     0.0273
    -0.1632    -0.0799     0.0931
     0.8099     0.5822    -0.2580
    -0.2270     1.2735    -0.3474
     0.8083     0.3673    -0.2107
     0.1547     0.1769    -0.0353
     0.0354     0.1100     0.0405
    -0.0046    -0.0087     0.0370
     0.2689    -0.4563     0.2988
    -0.0111     0.3249    -0.1321
     0.2534    -0.1686     0.2028
    -0.0679    -0.6218     0.4522
    -0.1818     0.1621    -0.0599
    -0.2033     0.1816     0.0727
    -0.1418    -0.1742     0.1026
     0.1568     0.1874    -0.0990
     0.0267     0.0993    -0.0149
    -0.0275    -0.1972     0.1465
     0.8359    -1.6273     0.8429
    -0.1745    -0.0482     0.1256
     0.0826    -0.4006    -0.0743
     1.0935     0.7326    -0.5365
     0.2003     0.2735    -0.1206
    -0.0312     0.0746     0.0262
    -0.0004     0.1987    -0.0120
     0.0279     0.0222     0.0215
    -0.0511     0.0480     0.0280
    -0.2674     0.1792    -0.0514
    -0.0181    -0.1254     0.0801
    -0.0231     0.7049    -0.1866
    -0.3309     0.1597    -0.0647
    -0.2185    -0.9147     0.3169
     0.0279    -0.6872    -0.0818
    -0.0250     0.9057    -0.4757
    -2.1580     1.6305    -1.6431
     0.0763     0.2150     0.0327
     0.0320    -0.0511     0.0583
     0.5033    -0.0170    -0.1336
     0.0406     0.4924    -0.2018
     0.5124     0.2494    -0.3196
    -0.1108    -0.4237     0.2972
     0.1025     0.0464    -0.0364
     0.0337    -0.0642     0.0712
     0.2830     0.2231    -0.1668
    -1.3265     2.1083    -1.0473
     0.0714     0.0606     0.0036
     0.0853    -0.6454     0.3573
    -0.0066    -0.0196     0.0401
     0.1489     0.0957    -0.0371
    -0.0342    -0.0171     0.0506
     0.0447     0.0197     0.0217
    -0.0374     0.0833     0.0122
    -0.1567    -0.0714     0.0956
     0.0149    -0.3735     0.1464
     0.3197    -0.6354     0.2382
     0.8077     0.3930    -0.1205
     0.0887     0.5545     0.1220
    -0.2451    -0.0326     0.1111
     0.0716     0.0627    -0.0112
     1.4629     1.1294    -0.9964
     0.3166     0.0714    -0.1302
    -0.1206     0.0421     0.0622
     0.0662    -0.3068    -0.0028
    -0.4286    -0.6000     0.4252
    -0.3365     1.1238    -0.4603
     0.5817    -0.5190    -0.3114
     0.0534    -0.4730     0.3066
    -0.1088    -0.0858     0.1084
    -0.2101     0.5730    -0.0386
     0.1162    -0.3616     0.2226
    -0.0353     0.1691     0.0703
     0.1723     0.0215    -0.0405
     0.0135    -0.1860     0.0826
     0.3550    -1.0270     0.2022
     0.0965     0.3326    -0.0827
    -0.0360     0.0947     0.0486
     0.0251     0.3904    -0.1061
     0.0246     1.5264    -0.5006
     0.6674    -0.1705    -0.2147
    -0.4522     0.0636     0.0263
     0.1911    -1.8733     0.6821
     0.2521    -0.2163     0.0277
    -0.2452     0.1016     0.0782
     0.1562     0.2042    -0.1211
     0.1500     0.2142    -0.1220
     0.2690    -0.0637    -0.1292
     0.0913     0.0219    -0.0095
     0.0008     0.6994    -0.3788
     0.0946    -0.2234     0.1088
     0.1427    -0.1125    -0.0618
     0.2638    -0.6413    -0.2395
    -0.0747    -0.0952     0.0717
    -0.1476     0.0458    -0.0136
     0.2036    -0.9930     0.5880
    -0.3500    -3.0259     1.4612
     3.0401    -0.8476    -1.0258
     0.3943     0.0412    -0.1463
     0.5603     0.6632    -0.3482
     0.4274    -0.1994    -0.1319
    -0.0454     0.3334    -0.1127
    -0.8322    -0.7046     0.4738
     0.3021    -0.4562     0.0975
    -1.0013    -0.2621     0.4416
     1.2581     2.1571    -0.7286
    -0.0283    -0.0098     0.0436
     0.5216    -0.2960     0.0551
     0.0128    -0.3691     0.1399
    -0.0185     0.5399    -0.1430
    -0.0518     0.3135    -0.1467
    -0.1780     0.0515     0.0425
     0.0653     0.0342     0.0229
    -0.1368    -1.4845     0.8968
    -0.4100    -0.2281     0.1364
    -0.1842     0.1838    -0.0938
    -0.1919     0.0821     0.1256
    -0.0763     0.0555     0.0104
    -0.0078    -0.1711     0.1286
    -0.1067    -0.0860     0.0749
     0.2938    -0.9280    -0.3104
     0.1083    -0.0000     0.0381
    -0.3047     0.6610    -0.1740
    -0.0959    -0.9621     0.4756
    -0.1067     0.1014     0.0304
     1.3916     0.0177    -0.3798
    -0.2183     0.4757    -0.1906
    -0.3358     1.1998    -0.4947
     0.9813     0.4668    -0.4056
     0.2128    -0.0216    -0.0582
    -1.0137     0.2338     0.0364
     0.0292    -0.1613     0.0872
    -0.0909    -0.0289     0.0670
    -0.4085    -0.4850     0.1918
     0.1806    -1.2815     0.4876
     0.0335    -0.0878     0.0277
    -0.1223    -0.4786     0.2753
     0.4193     0.3911    -0.0903
    -0.2780    -0.1987     0.2347
    -0.0157     0.3862    -0.1303
     0.0970    -0.3095    -0.0217
     0.0086     0.0191     0.0171
     0.0266    -0.3381     0.1868
     0.0179    -0.3537     0.2215
    -1.2823    11.9454    -4.8662
     0.9387    -0.8497     0.0578
     0.5638     0.6631    -0.1435
     0.1959     0.1819    -0.0619
     0.3087    -0.3347     0.2415
    -0.0600     0.0717    -0.0075
     0.5723     3.3256    -1.4752
    -1.8137     0.1634    -0.3798
    -0.1999    -0.0621     0.0321
     0.0855    -0.5948     0.2799
    -0.4081    -0.1079     0.1181
    -0.0788     0.7970    -0.2689
     0.1285    -0.1529    -0.0136
     0.1957    -0.0343    -0.0458
     0.1942    -0.9924     0.3929
     0.2446    -0.6349    -0.0889
    -0.3970     0.0480     0.2516
     0.1414    -0.0382    -0.0354
     0.1451    -0.0457    -0.0214
    -0.2680    -0.4520     0.3307
    -0.1675     0.1583    -0.0568
     0.2807     0.0505    -0.0796
     0.0286     0.0185     0.0164
     0.0584    -0.1741     0.1227
    -0.3085     0.1862     0.0663
    -1.5696     8.6016    -4.6782
     0.3247    -0.1962    -0.1437
    -0.0148    -0.0059     0.0403
    -0.0155     0.0115     0.0421
     0.0140    -0.0275     0.0483
     0.0557    -0.2181     0.1444
     0.1481     0.3297    -0.0951
     0.0287     0.2642    -0.0399
     0.1171    -0.4334     0.2405
     0.3249    -0.1853     0.1254
     0.2837    -0.0873     0.1137
    -0.2824    -0.4702     0.2248
    -0.3686    -0.5433     0.2979
     0.8129     0.8705    -0.3797
    -0.3343     0.1881    -0.0434
     0.0528     0.2016     0.0128
    -0.2105    -0.1871     0.1111
     0.1916    -0.4286    -0.1889
    -0.0635    -0.0089     0.0259
    -0.0586    -0.0884     0.0418
    -0.0844     0.1070    -0.0008
     0.2752     0.0552    -0.0836
    -0.0502    -0.6204     0.2625
     0.0958    -0.1704     0.1025
    -0.4181    -2.8267     1.3787
    -0.0777     0.2747    -0.0866
    -0.0951     0.0743     0.0026
     0.2147    -0.1112    -0.0026
     0.4494    -0.0090     0.0384
    -0.0039     0.0502     0.0076
     0.0099    -0.0807     0.0626
    -0.5362    -0.1914     0.3230
    -0.1068     0.3347     0.1181
     0.1002    -0.0041    -0.0038
     0.1037     0.2743    -0.0956
     0.0867    -0.0813     0.0369
     0.2076     0.1689    -0.0788
     0.9088    -0.2185     0.3277
    -1.2652     1.8269    -0.8627
     0.2605    -0.3583    -0.1112
     0.0555    -0.5595     0.2369
