    0.0201881   -0.0327823    0.0395244
   -0.0124909    -0.053851    0.0702495
   -0.0112206    0.0861197   -0.0239463
     0.081358    0.0601825   -0.0512658
     0.146248    0.0901333    -0.114263
    -0.016109   -0.0530853    0.0848369
   -0.0303613      0.10628   -0.0501601
   0.00249389     0.141899   -0.0808262
    0.0895528    0.0681131   -0.0558766
   -0.0141745    0.0625828    0.0405065
  -0.00579881    0.0308348    0.0438226
  -0.00164899    0.0672208  -0.00745396
   -0.0103039    0.0178019    0.0436351
   -0.0801229    0.0145337    0.0324346
      -1.1497      1.56272     0.248439
    0.0381291            0    0.0249797
    0.0251778   -0.0972768    0.0358133
    -0.341512    0.0291746    0.0456153
    -0.132969   -0.0469951    0.0346581
    -0.300473     0.162918     0.040692
     0.137935  -0.00542377    0.0225308
 -0.000792634    -0.342872    0.0467471
   -0.0552631    0.0215872     0.027701
    -0.216128    0.0200143    0.0317896
      0.13629     0.343395    0.0195597
   -0.0698946    -0.232514     0.223455
     -0.10271   -0.0414362     0.105156
   -0.0746069    0.0391844   0.00336046
    0.0857465   0.00381232  -0.00741248
   -0.0176126    0.0140459    0.0464347
    0.0890896     0.676635    -0.455395
   -0.0321716     0.141596   -0.0872553
   -0.0757979     0.153966    -0.022093
   0.00430446   -0.0959959     0.114948
    0.0947977   -0.0057346   0.00269671
    0.0218556    0.0443608    0.0145228
   -0.0247163   -0.0119271    0.0873674
    0.0330095     0.178279  -0.00160008
    0.0562652    0.0318781  -0.00692574
    -0.172591     0.982482    -0.372972
    -0.152336     0.141199  -0.00848418
    0.0269277   -0.0536222    0.0240432
    0.0498929   -0.0010228    0.0194342
    0.0425201    0.0141777    0.0200244
     0.234544     0.247285  -0.00756048
    -0.072097     0.107559    0.0229252
    0.0870585     0.580059  -0.00781901
     0.111898    -0.162557    0.0257453
   -0.0294391   -0.0666431    0.0265988
    0.0201745     0.031586    0.0231819
    -0.213838   -0.0429136    0.0779482
    -0.140856     0.358913    -0.243994
    0.0262243    -0.175605     0.115293
    0.0041043    0.0649906   -0.0148725
    -0.172524     0.121132    0.0634879
   -0.0889382    0.0140318     0.124355
     0.032509     0.015179    0.0185551
    0.0658652    0.0947948   -0.0593363
   -0.0534531    0.0733392    0.0273978
     -0.10492    -0.432346     0.397373
   -0.0738701    -0.203848     0.251034
    0.0339142    0.0252368    0.0184517
    -0.145217    -0.332975     0.325794
    0.0578702    0.0557334   -0.0135916
    0.0194808   -4.554e-05    0.0261586
    0.0365933   -0.0727681    0.0239535
    -0.350068    -0.285307     0.123555
     0.182894    0.0448486    0.0124154
   0.00515783    -0.153061    0.0304379
     0.148128     0.325618    -0.010012
    0.0561877   -0.0767943    0.0258457
    -0.153253    0.0746842    0.0325524
   0.00980445    0.0643783    0.0221476
    -0.099257     0.196117    0.0215652
   0.00662095    0.0763804    0.0248246
    0.0159809     -0.29681     0.274328
    -0.021555    0.0702668    0.0328635
   -0.0232907   -0.0302952    0.0734892
    0.0226162   0.00579317    0.0263608
   -0.0572568    0.0506809    0.0609959
    -0.237049    -0.832138     0.380599
    -0.163627    0.0878302     0.111911
    0.0676427    -0.149153     0.132669
    -0.105623     0.544721   -0.0832215
     0.316827    -0.550057    -0.290855
  -0.00657218     0.070465    -0.013197
    0.0674406    0.0250278  -0.00803157
    0.0694155   -0.0160302  -0.00128492
   0.00156539   -0.0238239     0.041168
    0.0440626    -0.011387    0.0171871
    0.0411965   -0.0249456     0.010143
    0.0503793    0.0142556    0.0105396
    -0.251618     0.138139    0.0352633
      0.43572     0.143583   -0.0178088
    0.0819977    -0.111026    0.0259342
   -0.0621424   -0.0782169    0.0301108
    -0.159657   -0.0844832    0.0357162
   -0.0488353    -0.162534    0.0367159
   -0.0533746    -0.287336    0.0429526
     0.116968     0.179452    0.0188141
     -0.41462      1.24524    -0.847823
  0.000652439    -0.068784    0.0244233
   0.00215189   -0.0685965     0.075261
    -0.222354    0.0374184     0.232029
     0.203869   -0.0862957   -0.0668644
    0.0558234    -0.148593     0.163239
   -0.0195316   -0.0678257     0.110151
     0.139892    -0.196169   -0.0662597
    0.0729507    0.0737096   -0.0272499
     0.223108    -0.188213     0.171511
    0.0386908     0.136577    -0.077847
    0.0919303    0.0249062   -0.0289453
      0.05853   0.00725336  -0.00560444
    0.0339183    0.0897608  -0.00680031
    0.0136178   0.00780034    0.0226548
   0.00580983    0.0905655  -0.00254249
  -0.00968672   -0.0462973    0.0409509
     0.177825    -0.632787    0.0928899
   -0.0189233     0.204466   0.00237017
    -0.114781   -0.0513443    0.0350238
   0.00391532    0.0710113    0.0331544
   0.00986583    -0.257792      0.05607
     0.377785     0.160081   -0.0161915
    0.0737492     0.141133    0.0110208
    0.0104635      0.23661    0.0308635
    -0.852823     0.530207    -0.502118
    0.0200551     0.197298   -0.0974318
    0.0285362    -0.065835    0.0480748
    -0.681956     0.227291     0.528433
   -0.0888693     0.269011    -0.130628
      0.21565   -0.0310772    -0.022202
    -0.299766    -0.193706      0.24061
    -0.946059    -0.124116     0.621675
    -0.149106       2.3464     -2.07049
   -0.0171472     0.134318   -0.0347433
    0.0940121     0.101205   -0.0700095
    0.0993555    0.0220278   -0.0178832
    0.0192729   0.00893367     0.018321
    0.0139765  -0.00466048    0.0225891
   0.00275507     0.014282    0.0293477
    0.0866774    0.0836282  -0.00232188
     0.299747      0.16276   -0.0428748
    0.0222914  -0.00881503    0.0242771
   -0.0634556    0.0237731    0.0304593
    0.0135337    -0.122288    0.0438088
    0.0271668     0.669973   -0.0502121
     0.293828    -0.131938    0.0152706
      4.15144     -2.37145    -0.199232
     0.245132     0.352126   -0.0267733
   -0.0572886   0.00134491    0.0281531
    -0.605768      1.18037    -0.957395
    0.0174136       0.1567   -0.0752546
    -0.476179    -0.276959     0.305659
      0.57608    -0.305985    -0.440947
    -0.407306       1.4224     -0.83569
    0.0182626   -0.0729472    0.0671548
    -0.447626      1.00343     0.482753
     -0.11172     0.123662   -0.0536097
     0.146053    0.0720226   -0.0929715
     0.039506     0.614681    -0.387468
     0.114939     0.112055   -0.0854753
   -0.0270018    0.0225303    0.0385955
    0.0144956  -0.00380583    0.0273118
    0.0200869   -0.0145053    0.0228355
    0.0116839     -0.02672    0.0274776
   -0.0142518     0.531843   -0.0964406
     0.203379     0.494161   -0.0206493
  -0.00733507   -0.0387957    0.0368996
    0.0202966   -0.0817302    0.0354753
     -0.15353     0.466953   -0.0452617
     0.597514     0.045051   -0.0573896
    -0.077793     0.479821   -0.0473959
     0.313132   -0.0306877    0.0435135
      0.16693     0.328095    0.0277233
    -0.102885    0.0986348    0.0165158
       -0.106     0.110907     0.146278
   -0.0343442    -0.207781     0.146554
     0.543837     0.662386    -0.605281
   -0.0505267       1.2529    -0.842812
    -0.109753     0.403634    -0.168872
     -1.02669    -0.248369     0.837802
     0.149725    -0.532116     0.453315
     0.470756    -0.402523     0.104641
     0.239043     0.794869    -0.615423
     0.449823     0.545942     -0.35522
    0.0831445     0.148393    -0.087951
   -0.0666729    0.0720204    0.0226448
    0.0158691   0.00441866    0.0223516
     0.022863    0.0128753    0.0185647
    0.0927617     0.034163   0.00935922
    -0.613342     0.607097     0.142762
   -0.0409271   0.00285334    0.0388498
   0.00302182  -0.00271459    0.0290935
     0.199213     0.340075   -0.0443211
    -0.221722    -0.110113    0.0750924
      0.33217     0.576298   -0.0973069
   -0.0267256   -0.0740515    0.0460396
     0.686353   -0.0797959   -0.0366871
     0.040803    -0.246941 -0.000715158
     0.261458     -0.06461    0.0568864
    -0.114654   0.00514183     0.107995
    -0.790467     0.836964    -0.272523
     0.509136     -1.81639      1.18461
     0.147912     -2.42822      1.78324
     0.123199      0.53797    -0.269428
     0.109134     0.201681   -0.0120747
     0.745064     0.448712    -0.486058
    0.0259547   -0.0486958    0.0552166
    0.0217472  -0.00653798    0.0216576
    -0.516187     0.460203      0.25276
    0.0401882    0.0495964  -0.00933619
   -0.0168926   -0.0470235    0.0648011
    0.0151324   -0.0192584    0.0289296
    0.0365069    0.0531962   0.00235191
   -0.0865356   -0.0686097    0.0806281
  -0.00945214   -0.0896673    0.0342451
     -0.03406     0.123438   0.00449284
     -0.12591    -0.316233     0.111943
     0.122245    -0.269562    0.0251475
    -0.135291     0.131184    0.0108522
    -0.144851      0.10613    0.0195543
   -0.0377527      0.49437   -0.0701873
     0.251269     0.497511    0.0302274
     0.339483     -0.12092    0.0533755
    -0.342233     -0.32149     0.115419
    0.0953848     0.916417    -0.413532
      0.30022    -0.108952    0.0981486
    -0.335259      1.12463     -0.75518
    -0.108047     0.933702    -0.628119
    0.0733449     0.120799    -0.052614
    -0.419058    -0.135227     0.362034
     0.484784    -0.043619    -0.163341
     0.055532    -0.134176   -0.0180553
    0.0250571   -0.0532314    0.0244918
  -0.00126075     0.112958    0.0181896
   -0.0118685     0.061199    0.0342099
     0.079122   -0.0624659 -0.000264272
    0.0243391   -0.0127652    0.0237621
   -0.0753895      0.34801   -0.0855125
   -0.0210953   -0.0779929    0.0594566
   -0.0800367     0.102577  0.000488164
   0.00945425   -0.0112732    0.0277643
    0.0376617     0.452976   -0.0832775
     0.101211     0.100242  -0.00586143
    0.0234526    -0.105069    0.0580413
    0.0566752   -0.0718589    0.0358737
    0.0431415     0.277383   -0.0297278
   -0.0316504     0.182731    0.0064907
    0.0714741    -0.258705    0.0817873
   -0.0130651    0.0672487    0.0394435
    -0.282299    -0.115821     0.211585
      0.50408   0.00441874    -0.322809
    0.0715234     0.330131    -0.191298
    0.0331478  -0.00758303    0.0340728
    -0.569425    -0.168838     0.341481
     0.197668   -0.0318585   0.00471743
  -0.00483841    0.0216577     0.032368
    -0.555768    -0.550411     0.600999
    -0.446101    -0.382289     0.437976
      0.31515      1.51666    -0.790428
     0.445098     -0.12859     0.127212
    -0.148812     0.133474   -0.0308411
    0.0187266    0.0271444    0.0170012
    0.0579413   -0.0286256    0.0429666
     0.119527    0.0897744   -0.0313718
    0.0581639   -0.0774324    0.0572709
  -0.00280626    0.0585373    0.0260415
   -0.0424426     0.119509   0.00998859
    -0.106083    0.0406903    0.0204106
   -0.0447831   -0.0351075    0.0410955
    0.0124173     0.161881  -0.00351304
    -0.241621    -0.501497     0.136123
    -0.146068    -0.167814    0.0722291
    -0.270366     0.237056    0.0159231
     -0.14475     0.055674    0.0626776
     0.463982    -0.119807   -0.0470345
    -0.551444     0.629154    -0.137116
      0.04501    -0.587189     0.385046
    0.0374148    0.0953523   -0.0362433
    0.0722495    0.0599955   -0.0298022
    0.0449478  -0.00154407    0.0155876
   -0.0276183   -0.0394829    0.0711517
    -0.917832    -0.576648     0.784162
    -0.375375      2.53575     -1.45483
    0.0686439    -0.201365     0.159672
      1.52201     0.954996    -0.872351
    -0.201452    -0.106593     0.123898
    0.0184289  -0.00436714    0.0261843
   -0.0394728   -0.0104175    0.0503502
     0.129488    0.0113268     0.004705
   -0.0656229    0.0785515    0.0154223
   -0.0592818     0.035344    0.0331843
   0.00448847    0.0645889    0.0255849
   -0.0728511   -0.0586785    0.0592195
   -0.0118917    0.0398421    0.0340381
     0.622191    -0.346011   -0.0132717
     0.166093     0.358489   -0.0554692
    0.0739473    -0.337679     0.112498
     0.188867   -0.0486364   0.00999866
    -0.216887    0.0990688  -0.00169324
   -0.0434811    -0.171468     0.099114
     0.222303      0.36881    -0.213803
    -0.140937    -0.124388     0.120236
     -0.27656    -0.685631     0.455074
     0.150772     0.186473    -0.123976
    -0.161063     0.399056     -0.17471
    -0.111896     0.423013    -0.164011
      -1.3348   -0.0860733     0.954022
   -0.0498295   -0.0543887    0.0701433
      1.17134       -3.202      2.14823
     0.573879    0.0790703    -0.239364
     0.238212     0.118174    -0.119122
     0.020875    0.0636946   0.00505719
    0.0100145    0.0547708    0.0116285
   -0.0248302    0.0186581    0.0341077
     0.152444    -0.149986    0.0228544
    -0.053079   -0.0270436    0.0470541
     0.126331    0.0695473   0.00275013
   -0.0126884    0.0839562   0.00740972
   0.00279418    0.0232932    0.0257267
    0.0229649      0.15806   -0.0101654
     0.985956     0.897978    -0.155551
     0.089556     0.257352   -0.0327126
    -0.426064      0.57619    -0.113247
     -0.19092     0.339352   -0.0541157
    -0.317159    -0.647517     0.556802
     0.437926   0.00946737     -0.11289
     -3.74488    -0.142095      2.64757
    -0.163542    -0.472413      0.34121
    0.0424933   -0.0941164     0.109001
    -0.628456     -1.03303     0.857914
    -0.602752      5.10615     -1.12548
     0.120208     0.246967    -0.139814
  -0.00681595    -0.446104     0.288191
     0.836015      -3.0037      1.72871
    -0.369073    -0.350917     0.344471
    0.0301714    -0.408825     0.240512
     0.079074     0.293186    -0.133317
    0.0498046   -0.0286607    0.0115416
    -0.011963  -0.00117028    0.0362088
    0.0772558    -0.195726    0.0833972
   -0.0579601   -0.0734627    0.0658752
    0.0347324   -0.0997411    0.0592132
    0.0250217     -0.20763    0.0813028
    0.0605437     0.249887   -0.0405304
     0.805447     0.314099   -0.0714047
     0.160356    -0.129145     0.034607
   -0.0570335    -0.054377    0.0481643
    0.0313766     -0.74422     0.220483
    -0.504462    -0.376132     0.119769
    -0.218651    -0.669953     0.542207
     -0.42776      1.00319    -0.244711
   -0.0206332     0.187212   -0.0584873
     0.244636     0.467787    -0.290031
     0.681939      2.69973     -1.19062
      0.21986   -0.0196409    -0.102684
    -0.114089     0.240869   -0.0676697
    -0.167111     0.162053   -0.0921141
    -0.101404    0.0290971    0.0100329
    -0.968486     0.240611     0.477256
     0.499117      1.68233    -0.991686
     -0.68085      2.60261    -0.992493
    -0.151472     0.393095    -0.103308
    0.0092036    -0.059278    0.0387896
   0.00891964   0.00758022    0.0265813
  -0.00503626    0.0440577    0.0190709
    0.0252939   -0.0206193    0.0359044
   -0.0221322   -0.0288588    0.0442409
   -0.0275292     0.109856   0.00504289
    -0.548452    -0.110984    0.0840451
    -0.124968    -0.731288     0.180218
     0.305835    -0.215395   -0.0605859
     0.248665    -0.133603   -0.0459794
     0.845812    -0.602656    -0.249755
   -0.0441544     0.699068    -0.134701
     0.703496    -0.813092    -0.266275
     0.781748    -0.150491    -0.513061
     0.610237     0.132314    -0.373244
    -0.584197    -0.623289     0.471477
    0.0572949     0.649008    -0.395946
     0.240544     0.520509    -0.344308
    -0.278781    -0.400959     0.343857
     0.573519     -2.55407      1.67486
    0.0404734     0.148275   -0.0511758
     -1.64675     -2.05281     0.979557
    -0.727915    -0.053445      0.46064
   -0.0548637     0.293158    -0.132659
    -0.235309    -0.437757     0.235103
  -0.00434103    -0.161687    0.0141754
    0.0348303     0.176772  -0.00939926
    -0.049703   -0.0504063     0.057654
    0.0159727   -0.0465672    0.0245796
   -0.0896443     0.111541     0.055772
    -0.428313     -1.13436     0.409674
     0.264508     0.104043  -0.00788831
     0.830063    -0.713491     0.269366
     -0.15561     0.681316    -0.169847
   -0.0306563   -0.0472229    0.0450535
      0.65304     0.240255   -0.0882675
     0.162321     0.221232   -0.0142869
    0.0376576      0.38866    -0.189199
     0.331018     0.259336    -0.244218
   -0.0514769     0.203426   -0.0364065
    0.0122033    -0.040239    0.0672879
    -0.654657     0.867356    -0.574963
   -0.0561168     0.146079     -0.04958
   0.00737726     -0.15375     0.119141
    -0.195711     0.272372   -0.0500186
    0.0646885    0.0114703  -0.00652475
  -0.00922022    -0.119377    0.0996622
    -0.168132    -0.155734     0.159524
     0.256645     0.128678     -0.11189
    0.0284712     0.297686   -0.0546409
    0.0740969     0.277637   -0.0560294
    -0.363589      1.56089    -0.571984
     -0.28678     0.111457  0.000458289
   0.00511101    -0.112621    0.0221956
   -0.0291861    0.0707227    0.0272574
    -0.163249   -0.0798895    0.0930754
     0.809858     0.582239    -0.258037
    -0.227028      1.27349    -0.347368
     0.808263      0.36728    -0.210651
     0.154703      0.17689    -0.035268
    0.0354434     0.109991    0.0404794
  -0.00463325  -0.00872077    0.0369609
     0.268946    -0.456322     0.298762
   -0.0111069      0.32486    -0.132086
     0.253441    -0.168603     0.202776
   -0.0679324    -0.621802     0.452213
    -0.181825     0.162052   -0.0598511
    -0.203344     0.181634    0.0727174
    -0.141781    -0.174231     0.102626
     0.156763     0.187401   -0.0989862
    0.0266547    0.0993128   -0.0149284
   -0.0275415    -0.197199     0.146458
     0.835868     -1.62726     0.842935
    -0.174481   -0.0482041      0.12564
    0.0825783    -0.400556    -0.074343
       1.0935     0.732628    -0.536504
     0.200335     0.273479    -0.120595
   -0.0312199    0.0746146    0.0261988
 -0.000422787     0.198701   -0.0119576
    0.0278753    0.0221858    0.0214905
   -0.0510802    0.0479723    0.0279926
    -0.267439     0.179199   -0.0513625
   -0.0181321    -0.125417    0.0800853
    -0.023071     0.704914    -0.186627
    -0.330857     0.159724   -0.0646955
    -0.218458    -0.914708     0.316854
    0.0279153    -0.687163   -0.0818014
   -0.0250467     0.905733    -0.475682
     -2.15802      1.63047     -1.64312
    0.0763488      0.21502    0.0327318
    0.0320354   -0.0511268    0.0582611
     0.503277   -0.0169767    -0.133607
    0.0405577     0.492353    -0.201819
      0.51238     0.249408     -0.31963
    -0.110766    -0.423715     0.297201
     0.102501    0.0464015   -0.0364157
    0.0337421   -0.0642199    0.0711962
     0.283047     0.223089    -0.166766
     -1.32654      2.10826     -1.04734
    0.0714389    0.0605963   0.00357252
    0.0852501    -0.645376     0.357314
  -0.00658566   -0.0196463    0.0400718
     0.148862    0.0957048   -0.0371137
     -0.03415   -0.0171231      0.05056
    0.0447059    0.0196859     0.021683
   -0.0373644    0.0833195    0.0121636
    -0.156742   -0.0714178    0.0955556
    0.0148971    -0.373535      0.14639
     0.319694     -0.63536      0.23816
     0.807689     0.393024    -0.120458
    0.0887376     0.554515      0.12204
    -0.245077   -0.0325918      0.11109
    0.0716348    0.0627297   -0.0111845
      1.46294      1.12936    -0.996418
     0.316572    0.0713939    -0.130226
     -0.12056    0.0421132     0.062222
    0.0662379    -0.306754  -0.00282046
    -0.428557    -0.600035      0.42515
    -0.336539      1.12383     -0.46028
     0.581737    -0.519023    -0.311423
    0.0533782     -0.47297     0.306637
    -0.108813   -0.0858258     0.108405
    -0.210063     0.572969   -0.0385908
     0.116235    -0.361556     0.222628
   -0.0353253     0.169078    0.0702703
      0.17225    0.0215272   -0.0404839
    0.0134542    -0.186006     0.082625
     0.355027     -1.02703     0.202175
    0.0964821     0.332591    -0.082702
   -0.0360109    0.0946518    0.0486149
    0.0251118     0.390398    -0.106095
    0.0245885      1.52642    -0.500631
     0.667378    -0.170469    -0.214743
    -0.452159    0.0636361    0.0262667
     0.191122     -1.87325      0.68211
     0.252107    -0.216279    0.0276563
    -0.245219     0.101591    0.0782068
     0.156215      0.20423    -0.121139
     0.150006     0.214177    -0.122014
     0.268951   -0.0636517    -0.129238
    0.0913448    0.0218685  -0.00945204
    0.0008406     0.699433    -0.378813
    0.0946439    -0.223439      0.10884
     0.142653    -0.112546    -0.061767
     0.263821    -0.641318    -0.239474
   -0.0747078    -0.095165    0.0717159
    -0.147606    0.0457653   -0.0136311
     0.203615    -0.992966     0.588026
    -0.350015     -3.02586      1.46122
      3.04015    -0.847591     -1.02581
     0.394325    0.0412153    -0.146265
     0.560326     0.663248    -0.348192
     0.427376    -0.199446    -0.131926
   -0.0454083     0.333394    -0.112728
     -0.83221    -0.704593     0.473803
     0.302097    -0.456218    0.0974814
     -1.00131    -0.262052     0.441611
      1.25809      2.15714    -0.728579
   -0.0283393   -0.0097778    0.0436055
     0.521599    -0.296049    0.0550575
    0.0128027    -0.369109     0.139864
   -0.0184574     0.539943    -0.142956
   -0.0517673      0.31345    -0.146728
    -0.177977    0.0514511    0.0424724
    0.0653249    0.0341867    0.0229191
    -0.136809     -1.48446     0.896793
    -0.409963    -0.228142     0.136382
    -0.184199     0.183779   -0.0938119
     -0.19185    0.0820938     0.125629
   -0.0763263    0.0555497    0.0103723
  -0.00781578    -0.171105     0.128554
    -0.106687   -0.0860194    0.0748941
      0.29382    -0.928028    -0.310433
     0.108254 -4.19095e-05    0.0381207
    -0.304667     0.661002     -0.17401
   -0.0958517    -0.962123     0.475598
    -0.106664     0.101359    0.0304399
      1.39157    0.0176612    -0.379837
    -0.218326     0.475685    -0.190628
    -0.335794      1.19984    -0.494676
     0.981318     0.466778     -0.40556
     0.212785   -0.0216114   -0.0582455
     -1.01372      0.23383    0.0364193
    0.0292417    -0.161323    0.0871636
   -0.0909479   -0.0288923    0.0669565
     -0.40854    -0.485002     0.191838
     0.180604     -1.28149     0.487642
    0.0334966    -0.087768    0.0276638
    -0.122296    -0.478594      0.27526
     0.419264      0.39112   -0.0903178
    -0.278009    -0.198727     0.234704
   -0.0157437     0.386189    -0.130286
    0.0969625    -0.309469    -0.021666
   0.00858497    0.0191413    0.0170901
    0.0266319    -0.338088     0.186769
    0.0179224    -0.353673     0.221477
     -1.28228      11.9454     -4.86623
     0.938672    -0.849652     0.057798
     0.563828     0.663057    -0.143537
     0.195855     0.181889   -0.0619304
     0.308698    -0.334663     0.241544
   -0.0599644    0.0717108  -0.00752648
      0.57226      3.32556     -1.47522
     -1.81372     0.163449    -0.379778
    -0.199916    -0.062106    0.0320914
    0.0854574    -0.594778     0.279895
    -0.408125    -0.107929     0.118056
   -0.0788427     0.797005    -0.268949
     0.128469    -0.152924   -0.0136477
     0.195656    -0.034339   -0.0457528
     0.194151     -0.99239     0.392938
     0.244573    -0.634925   -0.0889396
    -0.396962    0.0480494     0.251648
     0.141378   -0.0382016   -0.0354346
     0.145065   -0.0457154   -0.0214253
    -0.267966    -0.452033     0.330678
     -0.16746     0.158322   -0.0567552
     0.280682    0.0505384   -0.0796426
    0.0285951    0.0184926      0.01636
    0.0584476    -0.174063     0.122683
    -0.308506     0.186215    0.0662565
     -1.56963      8.60161     -4.67819
     0.324741    -0.196227    -0.143655
   -0.0148053  -0.00586616    0.0402928
   -0.0155485    0.0115205    0.0420715
    0.0140401   -0.0275082    0.0482594
    0.0557266    -0.218102     0.144433
     0.148053     0.329707   -0.0951457
    0.0286849     0.264151   -0.0398605
     0.117055    -0.433363     0.240545
     0.324892     -0.18532      0.12537
     0.283666   -0.0872838     0.113703
    -0.282395    -0.470241     0.224762
    -0.368573    -0.543303      0.29791
     0.812942     0.870481    -0.379742
    -0.334341     0.188057   -0.0433954
    0.0527912     0.201608    0.0128372
    -0.210523    -0.187091     0.111054
     0.191641    -0.428607    -0.188899
   -0.0634595   -0.0088756    0.0258765
   -0.0585977   -0.0884181    0.0417549
   -0.0844127     0.107002 -0.000757437
     0.275224    0.0552216   -0.0836409
   -0.0501566    -0.620396     0.262471
    0.0958197    -0.170414     0.102477
    -0.418084     -2.82671      1.37867
   -0.0776696     0.274679   -0.0866406
   -0.0951309    0.0742815   0.00259476
     0.214742    -0.111226  -0.00261612
     0.449361  -0.00898749      0.03845
  -0.00388212    0.0501695   0.00762417
   0.00992762   -0.0807228    0.0626113
    -0.536194    -0.191394     0.323026
     -0.10677     0.334707     0.118144
      0.10016  -0.00409232  -0.00380797
     0.103708     0.274263   -0.0955563
    0.0866796   -0.0812858    0.0368609
     0.207584     0.168873   -0.0788119
     0.908818    -0.218512     0.327688
     -1.26522      1.82691    -0.862724
     0.260527    -0.358272     -0.11117
    0.0554732    -0.559519     0.236867
